<?xml version="1.0" encoding="UTF-8"?>
<coverage generated="1760408129665" clover="3.2.0">
  <project timestamp="1760408129665" name="All files">
    <metrics statements="189" coveredstatements="187" conditionals="48" coveredconditionals="46" methods="6" coveredmethods="6" elements="243" coveredelements="239" complexity="0" loc="189" ncloc="189" packages="1" files="2" classes="2"/>
    <file name="index.js" path="/home/yarkhan/Projects/node-xml2json/lib/index.js">
      <metrics statements="4" coveredstatements="4" conditionals="0" coveredconditionals="0" methods="0" coveredmethods="0"/>
      <line num="1" count="1" type="stmt"/>
      <line num="2" count="1" type="stmt"/>
      <line num="3" count="1" type="stmt"/>
      <line num="4" count="1" type="stmt"/>
    </file>
    <file name="xml2json.js" path="/home/yarkhan/Projects/node-xml2json/lib/xml2json.js">
      <metrics statements="185" coveredstatements="183" conditionals="48" coveredconditionals="46" methods="6" coveredmethods="6"/>
      <line num="1" count="1" type="stmt"/>
      <line num="2" count="1" type="stmt"/>
      <line num="3" count="1" type="stmt"/>
      <line num="4" count="1" type="stmt"/>
      <line num="5" count="1" type="stmt"/>
      <line num="6" count="1" type="stmt"/>
      <line num="7" count="1" type="stmt"/>
      <line num="8" count="1" type="stmt"/>
      <line num="9" count="1" type="stmt"/>
      <line num="10" count="1" type="stmt"/>
      <line num="11" count="1" type="stmt"/>
      <line num="12" count="1162" type="cond" truecount="1" falsecount="0"/>
      <line num="13" count="1162" type="stmt"/>
      <line num="14" count="1162" type="cond" truecount="1" falsecount="0"/>
      <line num="15" count="40" type="stmt"/>
      <line num="16" count="40" type="cond" truecount="1" falsecount="0"/>
      <line num="17" count="12" type="stmt"/>
      <line num="18" count="12" type="stmt"/>
      <line num="19" count="40" type="stmt"/>
      <line num="20" count="1162" type="stmt"/>
      <line num="21" count="1162" type="cond" truecount="1" falsecount="0"/>
      <line num="22" count="690" type="cond" truecount="2" falsecount="0"/>
      <line num="23" count="10" type="stmt"/>
      <line num="24" count="690" type="cond" truecount="1" falsecount="0"/>
      <line num="25" count="680" type="stmt"/>
      <line num="26" count="680" type="stmt"/>
      <line num="27" count="1162" type="cond" truecount="2" falsecount="0"/>
      <line num="28" count="74" type="stmt"/>
      <line num="29" count="74" type="stmt"/>
      <line num="30" count="74" type="stmt"/>
      <line num="31" count="74" type="stmt"/>
      <line num="32" count="74" type="stmt"/>
      <line num="33" count="74" type="stmt"/>
      <line num="34" count="472" type="cond" truecount="1" falsecount="0"/>
      <line num="35" count="398" type="stmt"/>
      <line num="36" count="398" type="stmt"/>
      <line num="37" count="398" type="stmt"/>
      <line num="38" count="1162" type="stmt"/>
      <line num="39" count="1162" type="stmt"/>
      <line num="40" count="1162" type="stmt"/>
      <line num="41" count="1162" type="stmt"/>
      <line num="42" count="1162" type="stmt"/>
      <line num="43" count="1162" type="cond" truecount="1" falsecount="0"/>
      <line num="44" count="482" type="stmt"/>
      <line num="45" count="482" type="stmt"/>
      <line num="46" count="1162" type="cond" truecount="1" falsecount="0"/>
      <line num="47" count="680" type="stmt"/>
      <line num="48" count="680" type="stmt"/>
      <line num="49" count="680" type="stmt"/>
      <line num="50" count="1162" type="stmt"/>
      <line num="51" count="1" type="stmt"/>
      <line num="52" count="2711" type="cond" truecount="1" falsecount="0"/>
      <line num="53" count="2711" type="cond" truecount="1" falsecount="0"/>
      <line num="54" count="2711" type="stmt"/>
      <line num="55" count="1" type="stmt"/>
      <line num="56" count="1162" type="cond" truecount="1" falsecount="0"/>
      <line num="57" count="1162" type="cond" truecount="1" falsecount="0"/>
      <line num="58" count="1134" type="cond" truecount="1" falsecount="0"/>
      <line num="59" count="1124" type="stmt"/>
      <line num="60" count="1124" type="stmt"/>
      <line num="61" count="1134" type="stmt"/>
      <line num="62" count="1134" type="stmt"/>
      <line num="63" count="1134" type="stmt"/>
      <line num="64" count="1134" type="stmt"/>
      <line num="65" count="1134" type="stmt"/>
      <line num="66" count="1134" type="stmt"/>
      <line num="67" count="1134" type="stmt"/>
      <line num="68" count="1134" type="stmt"/>
      <line num="69" count="1162" type="stmt"/>
      <line num="70" count="1162" type="cond" truecount="1" falsecount="0"/>
      <line num="71" count="598" type="stmt"/>
      <line num="72" count="598" type="stmt"/>
      <line num="73" count="1162" type="stmt"/>
      <line num="74" count="1162" type="stmt"/>
      <line num="75" count="1162" type="stmt"/>
      <line num="76" count="1162" type="cond" truecount="1" falsecount="0"/>
      <line num="77" count="1066" type="cond" truecount="2" falsecount="0"/>
      <line num="78" count="393" type="cond" truecount="1" falsecount="0"/>
      <line num="79" count="25" type="stmt"/>
      <line num="80" count="393" type="cond" truecount="1" falsecount="0"/>
      <line num="81" count="368" type="stmt"/>
      <line num="82" count="368" type="stmt"/>
      <line num="83" count="393" type="stmt"/>
      <line num="84" count="1066" type="stmt"/>
      <line num="85" count="1162" type="stmt"/>
      <line num="86" count="1162" type="stmt"/>
      <line num="87" count="1162" type="stmt"/>
      <line num="88" count="1" type="stmt"/>
      <line num="89" count="1146" type="cond" truecount="1" falsecount="0"/>
      <line num="90" count="1146" type="cond" truecount="2" falsecount="0"/>
      <line num="91" count="1114" type="stmt"/>
      <line num="92" count="1114" type="cond" truecount="2" falsecount="0"/>
      <line num="93" count="32" type="stmt"/>
      <line num="94" count="32" type="stmt"/>
      <line num="95" count="1145" type="cond" truecount="2" falsecount="0"/>
      <line num="96" count="30" type="stmt"/>
      <line num="97" count="30" type="stmt"/>
      <line num="98" count="1145" type="cond" truecount="1" falsecount="0"/>
      <line num="99" count="14" type="stmt"/>
      <line num="100" count="14" type="cond" truecount="1" falsecount="0"/>
      <line num="101" count="16" type="stmt"/>
      <line num="102" count="16" type="stmt"/>
      <line num="103" count="16" type="stmt"/>
      <line num="104" count="1145" type="cond" truecount="1" falsecount="0"/>
      <line num="105" count="4" type="stmt"/>
      <line num="106" count="4" type="cond" truecount="1" falsecount="0"/>
      <line num="107" count="12" type="stmt"/>
      <line num="108" count="1145" type="cond" truecount="1" falsecount="0"/>
      <line num="109" count="2" type="stmt"/>
      <line num="110" count="2" type="cond" truecount="1" falsecount="0"/>
      <line num="111" count="10" type="stmt"/>
      <line num="112" count="10" type="stmt"/>
      <line num="113" count="10" type="stmt"/>
      <line num="114" count="1" type="stmt"/>
      <line num="115" count="13157" type="cond" truecount="1" falsecount="0"/>
      <line num="116" count="13157" type="cond" truecount="4" falsecount="0"/>
      <line num="117" count="13157" type="stmt"/>
      <line num="118" count="1" type="stmt"/>
      <line num="119" count="1" type="stmt"/>
      <line num="120" count="1" type="stmt"/>
      <line num="121" count="1" type="stmt"/>
      <line num="122" count="1" type="stmt"/>
      <line num="123" count="1" type="stmt"/>
      <line num="124" count="1" type="stmt"/>
      <line num="125" count="1" type="stmt"/>
      <line num="126" count="1" type="stmt"/>
      <line num="127" count="1" type="stmt"/>
      <line num="128" count="1" type="stmt"/>
      <line num="129" count="1" type="stmt"/>
      <line num="130" count="1" type="stmt"/>
      <line num="131" count="1" type="stmt"/>
      <line num="132" count="1" type="stmt"/>
      <line num="133" count="1" type="stmt"/>
      <line num="134" count="1" type="stmt"/>
      <line num="135" count="1" type="stmt"/>
      <line num="136" count="1" type="stmt"/>
      <line num="137" count="1" type="stmt"/>
      <line num="138" count="1" type="stmt"/>
      <line num="139" count="1" type="cond" truecount="1" falsecount="0"/>
      <line num="140" count="20" type="stmt"/>
      <line num="141" count="20" type="cond" truecount="0" falsecount="1"/>
      <line num="142" count="20" type="stmt"/>
      <line num="143" count="20" type="stmt"/>
      <line num="144" count="20" type="stmt"/>
      <line num="145" count="20" type="stmt"/>
      <line num="146" count="20" type="stmt"/>
      <line num="147" count="20" type="stmt"/>
      <line num="148" count="20" type="stmt"/>
      <line num="149" count="20" type="stmt"/>
      <line num="150" count="20" type="stmt"/>
      <line num="151" count="20" type="stmt"/>
      <line num="152" count="20" type="stmt"/>
      <line num="153" count="20" type="stmt"/>
      <line num="154" count="20" type="stmt"/>
      <line num="155" count="20" type="stmt"/>
      <line num="156" count="20" type="stmt"/>
      <line num="157" count="20" type="stmt"/>
      <line num="158" count="20" type="stmt"/>
      <line num="159" count="20" type="stmt"/>
      <line num="160" count="20" type="stmt"/>
      <line num="161" count="20" type="stmt"/>
      <line num="162" count="20" type="stmt"/>
      <line num="163" count="20" type="stmt"/>
      <line num="164" count="20" type="stmt"/>
      <line num="165" count="20" type="cond" truecount="1" falsecount="0"/>
      <line num="166" count="1" type="cond" truecount="1" falsecount="0"/>
      <line num="167" count="2" type="stmt"/>
      <line num="168" count="1" type="stmt"/>
      <line num="169" count="1" type="stmt"/>
      <line num="170" count="1" type="stmt"/>
      <line num="171" count="20" type="cond" truecount="0" falsecount="1"/>
      <line num="172" count="0" type="stmt"/>
      <line num="173" count="0" type="stmt"/>
      <line num="174" count="20" type="stmt"/>
      <line num="175" count="20" type="cond" truecount="1" falsecount="0"/>
      <line num="176" count="5" type="stmt"/>
      <line num="177" count="5" type="cond" truecount="1" falsecount="0"/>
      <line num="178" count="15" type="stmt"/>
      <line num="179" count="15" type="stmt"/>
      <line num="180" count="15" type="stmt"/>
      <line num="181" count="15" type="stmt"/>
      <line num="182" count="15" type="stmt"/>
      <line num="183" count="15" type="stmt"/>
      <line num="184" count="15" type="stmt"/>
      <line num="185" count="15" type="stmt"/>
    </file>
  </project>
</coverage>
