<?xml version="1.0" encoding="UTF-8"?>
<coverage generated="1760420321940" clover="3.2.0">
  <project timestamp="1760420321940" name="All files">
    <metrics statements="188" coveredstatements="186" conditionals="50" coveredconditionals="48" methods="6" coveredmethods="6" elements="244" coveredelements="240" complexity="0" loc="188" ncloc="188" packages="1" files="2" classes="2"/>
    <file name="index.js" path="/home/yarkhan/Projects/node-xml2json/lib/index.js">
      <metrics statements="4" coveredstatements="4" conditionals="0" coveredconditionals="0" methods="0" coveredmethods="0"/>
      <line num="1" count="1" type="stmt"/>
      <line num="2" count="1" type="stmt"/>
      <line num="3" count="1" type="stmt"/>
      <line num="4" count="1" type="stmt"/>
    </file>
    <file name="xml2json.js" path="/home/yarkhan/Projects/node-xml2json/lib/xml2json.js">
      <metrics statements="184" coveredstatements="182" conditionals="50" coveredconditionals="48" methods="6" coveredmethods="6"/>
      <line num="1" count="1" type="stmt"/>
      <line num="2" count="1" type="stmt"/>
      <line num="3" count="1" type="stmt"/>
      <line num="4" count="1" type="stmt"/>
      <line num="5" count="1" type="stmt"/>
      <line num="6" count="1" type="stmt"/>
      <line num="7" count="1" type="stmt"/>
      <line num="8" count="1166" type="cond" truecount="1" falsecount="0"/>
      <line num="9" count="1166" type="stmt"/>
      <line num="10" count="1166" type="cond" truecount="1" falsecount="0"/>
      <line num="11" count="40" type="stmt"/>
      <line num="12" count="40" type="cond" truecount="1" falsecount="0"/>
      <line num="13" count="12" type="stmt"/>
      <line num="14" count="12" type="stmt"/>
      <line num="15" count="40" type="stmt"/>
      <line num="16" count="1166" type="stmt"/>
      <line num="17" count="1166" type="cond" truecount="1" falsecount="0"/>
      <line num="18" count="694" type="cond" truecount="2" falsecount="0"/>
      <line num="19" count="10" type="stmt"/>
      <line num="20" count="694" type="cond" truecount="1" falsecount="0"/>
      <line num="21" count="684" type="stmt"/>
      <line num="22" count="684" type="stmt"/>
      <line num="23" count="1166" type="cond" truecount="2" falsecount="0"/>
      <line num="24" count="74" type="stmt"/>
      <line num="25" count="74" type="stmt"/>
      <line num="26" count="74" type="stmt"/>
      <line num="27" count="74" type="stmt"/>
      <line num="28" count="74" type="stmt"/>
      <line num="29" count="74" type="stmt"/>
      <line num="30" count="472" type="cond" truecount="1" falsecount="0"/>
      <line num="31" count="398" type="stmt"/>
      <line num="32" count="398" type="stmt"/>
      <line num="33" count="398" type="stmt"/>
      <line num="34" count="1166" type="stmt"/>
      <line num="35" count="1166" type="stmt"/>
      <line num="36" count="1166" type="stmt"/>
      <line num="37" count="1166" type="stmt"/>
      <line num="38" count="1166" type="stmt"/>
      <line num="39" count="1166" type="cond" truecount="1" falsecount="0"/>
      <line num="40" count="482" type="stmt"/>
      <line num="41" count="482" type="stmt"/>
      <line num="42" count="1166" type="cond" truecount="1" falsecount="0"/>
      <line num="43" count="684" type="stmt"/>
      <line num="44" count="684" type="stmt"/>
      <line num="45" count="684" type="stmt"/>
      <line num="46" count="1166" type="stmt"/>
      <line num="47" count="1" type="stmt"/>
      <line num="48" count="2715" type="cond" truecount="1" falsecount="0"/>
      <line num="49" count="2715" type="cond" truecount="1" falsecount="0"/>
      <line num="50" count="2715" type="stmt"/>
      <line num="51" count="1" type="stmt"/>
      <line num="52" count="1166" type="cond" truecount="1" falsecount="0"/>
      <line num="53" count="1166" type="cond" truecount="1" falsecount="0"/>
      <line num="54" count="1138" type="cond" truecount="1" falsecount="0"/>
      <line num="55" count="1128" type="stmt"/>
      <line num="56" count="1128" type="stmt"/>
      <line num="57" count="1138" type="stmt"/>
      <line num="58" count="1138" type="stmt"/>
      <line num="59" count="1166" type="stmt"/>
      <line num="60" count="1166" type="cond" truecount="1" falsecount="0"/>
      <line num="61" count="600" type="stmt"/>
      <line num="62" count="600" type="cond" truecount="2" falsecount="0"/>
      <line num="63" count="598" type="stmt"/>
      <line num="64" count="598" type="stmt"/>
      <line num="65" count="600" type="stmt"/>
      <line num="66" count="1166" type="stmt"/>
      <line num="67" count="1166" type="stmt"/>
      <line num="68" count="1166" type="stmt"/>
      <line num="69" count="1166" type="stmt"/>
      <line num="70" count="1166" type="cond" truecount="1" falsecount="0"/>
      <line num="71" count="1066" type="cond" truecount="2" falsecount="0"/>
      <line num="72" count="393" type="cond" truecount="1" falsecount="0"/>
      <line num="73" count="25" type="stmt"/>
      <line num="74" count="393" type="cond" truecount="1" falsecount="0"/>
      <line num="75" count="368" type="stmt"/>
      <line num="76" count="368" type="stmt"/>
      <line num="77" count="393" type="stmt"/>
      <line num="78" count="1066" type="stmt"/>
      <line num="79" count="1166" type="stmt"/>
      <line num="80" count="1166" type="stmt"/>
      <line num="81" count="1166" type="stmt"/>
      <line num="82" count="1" type="stmt"/>
      <line num="83" count="1150" type="cond" truecount="1" falsecount="0"/>
      <line num="84" count="1150" type="cond" truecount="2" falsecount="0"/>
      <line num="85" count="1118" type="stmt"/>
      <line num="86" count="1118" type="cond" truecount="2" falsecount="0"/>
      <line num="87" count="32" type="stmt"/>
      <line num="88" count="32" type="stmt"/>
      <line num="89" count="1149" type="cond" truecount="2" falsecount="0"/>
      <line num="90" count="30" type="stmt"/>
      <line num="91" count="30" type="stmt"/>
      <line num="92" count="1149" type="cond" truecount="1" falsecount="0"/>
      <line num="93" count="14" type="stmt"/>
      <line num="94" count="14" type="cond" truecount="1" falsecount="0"/>
      <line num="95" count="16" type="stmt"/>
      <line num="96" count="16" type="stmt"/>
      <line num="97" count="16" type="stmt"/>
      <line num="98" count="1149" type="cond" truecount="1" falsecount="0"/>
      <line num="99" count="4" type="stmt"/>
      <line num="100" count="4" type="cond" truecount="1" falsecount="0"/>
      <line num="101" count="12" type="stmt"/>
      <line num="102" count="1149" type="cond" truecount="1" falsecount="0"/>
      <line num="103" count="2" type="stmt"/>
      <line num="104" count="2" type="cond" truecount="1" falsecount="0"/>
      <line num="105" count="10" type="stmt"/>
      <line num="106" count="10" type="stmt"/>
      <line num="107" count="10" type="stmt"/>
      <line num="108" count="1" type="stmt"/>
      <line num="109" count="14370" type="cond" truecount="1" falsecount="0"/>
      <line num="110" count="14370" type="cond" truecount="4" falsecount="0"/>
      <line num="111" count="14370" type="stmt"/>
      <line num="112" count="1" type="stmt"/>
      <line num="113" count="1" type="stmt"/>
      <line num="114" count="1" type="stmt"/>
      <line num="115" count="1" type="stmt"/>
      <line num="116" count="1" type="stmt"/>
      <line num="117" count="1" type="stmt"/>
      <line num="118" count="1" type="stmt"/>
      <line num="119" count="1" type="stmt"/>
      <line num="120" count="1" type="stmt"/>
      <line num="121" count="1" type="stmt"/>
      <line num="122" count="1" type="stmt"/>
      <line num="123" count="1" type="stmt"/>
      <line num="124" count="1" type="stmt"/>
      <line num="125" count="1" type="stmt"/>
      <line num="126" count="1" type="stmt"/>
      <line num="127" count="1" type="stmt"/>
      <line num="128" count="1" type="stmt"/>
      <line num="129" count="1" type="stmt"/>
      <line num="130" count="1" type="stmt"/>
      <line num="131" count="1" type="stmt"/>
      <line num="132" count="1" type="stmt"/>
      <line num="133" count="1" type="stmt"/>
      <line num="134" count="1" type="stmt"/>
      <line num="135" count="1" type="stmt"/>
      <line num="136" count="1" type="stmt"/>
      <line num="137" count="1" type="stmt"/>
      <line num="138" count="1" type="stmt"/>
      <line num="139" count="1" type="stmt"/>
      <line num="140" count="1" type="stmt"/>
      <line num="141" count="1" type="stmt"/>
      <line num="142" count="1" type="stmt"/>
      <line num="143" count="1" type="stmt"/>
      <line num="144" count="1" type="stmt"/>
      <line num="145" count="1" type="cond" truecount="1" falsecount="0"/>
      <line num="146" count="22" type="stmt"/>
      <line num="147" count="22" type="cond" truecount="0" falsecount="1"/>
      <line num="148" count="22" type="stmt"/>
      <line num="149" count="22" type="stmt"/>
      <line num="150" count="22" type="stmt"/>
      <line num="151" count="22" type="stmt"/>
      <line num="152" count="22" type="stmt"/>
      <line num="153" count="22" type="stmt"/>
      <line num="154" count="22" type="stmt"/>
      <line num="155" count="22" type="stmt"/>
      <line num="156" count="22" type="stmt"/>
      <line num="157" count="22" type="stmt"/>
      <line num="158" count="22" type="stmt"/>
      <line num="159" count="22" type="stmt"/>
      <line num="160" count="22" type="stmt"/>
      <line num="161" count="22" type="stmt"/>
      <line num="162" count="22" type="stmt"/>
      <line num="163" count="22" type="stmt"/>
      <line num="164" count="22" type="cond" truecount="1" falsecount="0"/>
      <line num="165" count="1" type="cond" truecount="1" falsecount="0"/>
      <line num="166" count="2" type="stmt"/>
      <line num="167" count="1" type="stmt"/>
      <line num="168" count="1" type="stmt"/>
      <line num="169" count="1" type="stmt"/>
      <line num="170" count="22" type="cond" truecount="0" falsecount="1"/>
      <line num="171" count="0" type="stmt"/>
      <line num="172" count="0" type="stmt"/>
      <line num="173" count="22" type="stmt"/>
      <line num="174" count="22" type="cond" truecount="1" falsecount="0"/>
      <line num="175" count="7" type="stmt"/>
      <line num="176" count="7" type="cond" truecount="1" falsecount="0"/>
      <line num="177" count="15" type="stmt"/>
      <line num="178" count="15" type="stmt"/>
      <line num="179" count="15" type="stmt"/>
      <line num="180" count="15" type="stmt"/>
      <line num="181" count="15" type="stmt"/>
      <line num="182" count="15" type="stmt"/>
      <line num="183" count="15" type="stmt"/>
      <line num="184" count="15" type="stmt"/>
    </file>
  </project>
</coverage>
