{"/home/yarkhan/Projects/node-xml2json/lib/index.js": {"path":"/home/yarkhan/Projects/node-xml2json/lib/index.js","all":false,"statementMap":{"0":{"start":{"line":1,"column":0},"end":{"line":1,"column":29}},"1":{"start":{"line":2,"column":0},"end":{"line":2,"column":0}},"2":{"start":{"line":3,"column":0},"end":{"line":3,"column":39}},"3":{"start":{"line":4,"column":0},"end":{"line":4,"column":38}}},"s":{"0":1,"1":1,"2":1,"3":1},"branchMap":{},"b":{},"fnMap":{},"f":{}}
,"/home/yarkhan/Projects/node-xml2json/lib/xml2json.js": {"path":"/home/yarkhan/Projects/node-xml2json/lib/xml2json.js","all":false,"statementMap":{"0":{"start":{"line":1,"column":0},"end":{"line":1,"column":34}},"1":{"start":{"line":2,"column":0},"end":{"line":2,"column":13}},"2":{"start":{"line":3,"column":0},"end":{"line":3,"column":23}},"3":{"start":{"line":4,"column":0},"end":{"line":4,"column":19}},"4":{"start":{"line":5,"column":0},"end":{"line":5,"column":30}},"5":{"start":{"line":6,"column":0},"end":{"line":6,"column":0}},"6":{"start":{"line":7,"column":0},"end":{"line":7,"column":41}},"7":{"start":{"line":8,"column":0},"end":{"line":8,"column":36}},"8":{"start":{"line":9,"column":0},"end":{"line":9,"column":30}},"9":{"start":{"line":10,"column":0},"end":{"line":10,"column":24}},"10":{"start":{"line":11,"column":0},"end":{"line":11,"column":87}},"11":{"start":{"line":12,"column":0},"end":{"line":12,"column":31}},"12":{"start":{"line":13,"column":0},"end":{"line":13,"column":48}},"13":{"start":{"line":14,"column":0},"end":{"line":14,"column":9}},"14":{"start":{"line":15,"column":0},"end":{"line":15,"column":5}},"15":{"start":{"line":16,"column":0},"end":{"line":16,"column":0}},"16":{"start":{"line":17,"column":0},"end":{"line":17,"column":36}},"17":{"start":{"line":18,"column":0},"end":{"line":18,"column":64}},"18":{"start":{"line":19,"column":0},"end":{"line":19,"column":42}},"19":{"start":{"line":20,"column":0},"end":{"line":20,"column":16}},"20":{"start":{"line":21,"column":0},"end":{"line":21,"column":40}},"21":{"start":{"line":22,"column":0},"end":{"line":22,"column":9}},"22":{"start":{"line":23,"column":0},"end":{"line":23,"column":58}},"23":{"start":{"line":24,"column":0},"end":{"line":24,"column":47}},"24":{"start":{"line":25,"column":0},"end":{"line":25,"column":45}},"25":{"start":{"line":26,"column":0},"end":{"line":26,"column":43}},"26":{"start":{"line":27,"column":0},"end":{"line":27,"column":29}},"27":{"start":{"line":28,"column":0},"end":{"line":28,"column":34}},"28":{"start":{"line":29,"column":0},"end":{"line":29,"column":39}},"29":{"start":{"line":30,"column":0},"end":{"line":30,"column":12}},"30":{"start":{"line":31,"column":0},"end":{"line":31,"column":65}},"31":{"start":{"line":32,"column":0},"end":{"line":32,"column":40}},"32":{"start":{"line":33,"column":0},"end":{"line":33,"column":5}},"33":{"start":{"line":34,"column":0},"end":{"line":34,"column":0}},"34":{"start":{"line":35,"column":0},"end":{"line":35,"column":38}},"35":{"start":{"line":36,"column":0},"end":{"line":36,"column":34}},"36":{"start":{"line":37,"column":0},"end":{"line":37,"column":0}},"37":{"start":{"line":38,"column":0},"end":{"line":38,"column":77}},"38":{"start":{"line":39,"column":0},"end":{"line":39,"column":47}},"39":{"start":{"line":40,"column":0},"end":{"line":40,"column":64}},"40":{"start":{"line":41,"column":0},"end":{"line":41,"column":76}},"41":{"start":{"line":42,"column":0},"end":{"line":42,"column":12}},"42":{"start":{"line":43,"column":0},"end":{"line":43,"column":44}},"43":{"start":{"line":44,"column":0},"end":{"line":44,"column":44}},"44":{"start":{"line":45,"column":0},"end":{"line":45,"column":5}},"45":{"start":{"line":46,"column":0},"end":{"line":46,"column":1}},"46":{"start":{"line":47,"column":0},"end":{"line":47,"column":0}},"47":{"start":{"line":48,"column":0},"end":{"line":48,"column":21}},"48":{"start":{"line":49,"column":0},"end":{"line":49,"column":81}},"49":{"start":{"line":50,"column":0},"end":{"line":50,"column":1}},"50":{"start":{"line":51,"column":0},"end":{"line":51,"column":0}},"51":{"start":{"line":52,"column":0},"end":{"line":52,"column":27}},"52":{"start":{"line":53,"column":0},"end":{"line":53,"column":40}},"53":{"start":{"line":54,"column":0},"end":{"line":54,"column":27}},"54":{"start":{"line":55,"column":0},"end":{"line":55,"column":80}},"55":{"start":{"line":56,"column":0},"end":{"line":56,"column":9}},"56":{"start":{"line":57,"column":0},"end":{"line":57,"column":83}},"57":{"start":{"line":58,"column":0},"end":{"line":58,"column":5}},"58":{"start":{"line":59,"column":0},"end":{"line":59,"column":0}},"59":{"start":{"line":60,"column":0},"end":{"line":60,"column":38}},"60":{"start":{"line":61,"column":0},"end":{"line":61,"column":53}},"61":{"start":{"line":62,"column":0},"end":{"line":62,"column":83}},"62":{"start":{"line":63,"column":0},"end":{"line":63,"column":49}},"63":{"start":{"line":64,"column":0},"end":{"line":64,"column":9}},"64":{"start":{"line":65,"column":0},"end":{"line":65,"column":5}},"65":{"start":{"line":66,"column":0},"end":{"line":66,"column":0}},"66":{"start":{"line":67,"column":0},"end":{"line":67,"column":64}},"67":{"start":{"line":68,"column":0},"end":{"line":68,"column":38}},"68":{"start":{"line":69,"column":0},"end":{"line":69,"column":35}},"69":{"start":{"line":70,"column":0},"end":{"line":70,"column":30}},"70":{"start":{"line":71,"column":0},"end":{"line":71,"column":92}},"71":{"start":{"line":72,"column":0},"end":{"line":72,"column":50}},"72":{"start":{"line":73,"column":0},"end":{"line":73,"column":74}},"73":{"start":{"line":74,"column":0},"end":{"line":74,"column":20}},"74":{"start":{"line":75,"column":0},"end":{"line":75,"column":63}},"75":{"start":{"line":76,"column":0},"end":{"line":76,"column":13}},"76":{"start":{"line":77,"column":0},"end":{"line":77,"column":9}},"77":{"start":{"line":78,"column":0},"end":{"line":78,"column":5}},"78":{"start":{"line":79,"column":0},"end":{"line":79,"column":0}},"79":{"start":{"line":80,"column":0},"end":{"line":80,"column":29}},"80":{"start":{"line":81,"column":0},"end":{"line":81,"column":1}},"81":{"start":{"line":82,"column":0},"end":{"line":82,"column":0}},"82":{"start":{"line":83,"column":0},"end":{"line":83,"column":28}},"83":{"start":{"line":84,"column":0},"end":{"line":84,"column":49}},"84":{"start":{"line":85,"column":0},"end":{"line":85,"column":21}},"85":{"start":{"line":86,"column":0},"end":{"line":86,"column":5}},"86":{"start":{"line":87,"column":0},"end":{"line":87,"column":0}},"87":{"start":{"line":88,"column":0},"end":{"line":88,"column":50}},"88":{"start":{"line":89,"column":0},"end":{"line":89,"column":42}},"89":{"start":{"line":90,"column":0},"end":{"line":90,"column":0}},"90":{"start":{"line":91,"column":0},"end":{"line":91,"column":28}},"91":{"start":{"line":92,"column":0},"end":{"line":92,"column":22}},"92":{"start":{"line":93,"column":0},"end":{"line":93,"column":19}},"93":{"start":{"line":94,"column":0},"end":{"line":94,"column":5}},"94":{"start":{"line":95,"column":0},"end":{"line":95,"column":0}},"95":{"start":{"line":96,"column":0},"end":{"line":96,"column":37}},"96":{"start":{"line":97,"column":0},"end":{"line":97,"column":0}},"97":{"start":{"line":98,"column":0},"end":{"line":98,"column":27}},"98":{"start":{"line":99,"column":0},"end":{"line":99,"column":20}},"99":{"start":{"line":100,"column":0},"end":{"line":100,"column":5}},"100":{"start":{"line":101,"column":0},"end":{"line":101,"column":0}},"101":{"start":{"line":102,"column":0},"end":{"line":102,"column":28}},"102":{"start":{"line":103,"column":0},"end":{"line":103,"column":21}},"103":{"start":{"line":104,"column":0},"end":{"line":104,"column":5}},"104":{"start":{"line":105,"column":0},"end":{"line":105,"column":0}},"105":{"start":{"line":106,"column":0},"end":{"line":106,"column":17}},"106":{"start":{"line":107,"column":0},"end":{"line":107,"column":1}},"107":{"start":{"line":108,"column":0},"end":{"line":108,"column":0}},"108":{"start":{"line":109,"column":0},"end":{"line":109,"column":25}},"109":{"start":{"line":110,"column":0},"end":{"line":110,"column":126}},"110":{"start":{"line":111,"column":0},"end":{"line":111,"column":1}},"111":{"start":{"line":112,"column":0},"end":{"line":112,"column":0}},"112":{"start":{"line":113,"column":0},"end":{"line":113,"column":0}},"113":{"start":{"line":114,"column":0},"end":{"line":114,"column":3}},"114":{"start":{"line":115,"column":0},"end":{"line":115,"column":39}},"115":{"start":{"line":116,"column":0},"end":{"line":116,"column":59}},"116":{"start":{"line":117,"column":0},"end":{"line":117,"column":72}},"117":{"start":{"line":118,"column":0},"end":{"line":118,"column":29}},"118":{"start":{"line":119,"column":0},"end":{"line":119,"column":72}},"119":{"start":{"line":120,"column":0},"end":{"line":120,"column":28}},"120":{"start":{"line":121,"column":0},"end":{"line":121,"column":73}},"121":{"start":{"line":122,"column":0},"end":{"line":122,"column":67}},"122":{"start":{"line":123,"column":0},"end":{"line":123,"column":79}},"123":{"start":{"line":124,"column":0},"end":{"line":124,"column":71}},"124":{"start":{"line":125,"column":0},"end":{"line":125,"column":45}},"125":{"start":{"line":126,"column":0},"end":{"line":126,"column":57}},"126":{"start":{"line":127,"column":0},"end":{"line":127,"column":85}},"127":{"start":{"line":128,"column":0},"end":{"line":128,"column":114}},"128":{"start":{"line":129,"column":0},"end":{"line":129,"column":2}},"129":{"start":{"line":130,"column":0},"end":{"line":130,"column":77}},"130":{"start":{"line":131,"column":0},"end":{"line":131,"column":14}},"131":{"start":{"line":132,"column":0},"end":{"line":132,"column":3}},"132":{"start":{"line":133,"column":0},"end":{"line":133,"column":0}},"133":{"start":{"line":134,"column":0},"end":{"line":134,"column":24}},"134":{"start":{"line":135,"column":0},"end":{"line":135,"column":16}},"135":{"start":{"line":136,"column":0},"end":{"line":136,"column":20}},"136":{"start":{"line":137,"column":0},"end":{"line":137,"column":17}},"137":{"start":{"line":138,"column":0},"end":{"line":138,"column":17}},"138":{"start":{"line":139,"column":0},"end":{"line":139,"column":13}},"139":{"start":{"line":140,"column":0},"end":{"line":140,"column":24}},"140":{"start":{"line":141,"column":0},"end":{"line":141,"column":27}},"141":{"start":{"line":142,"column":0},"end":{"line":142,"column":17}},"142":{"start":{"line":143,"column":0},"end":{"line":143,"column":1}},"143":{"start":{"line":144,"column":0},"end":{"line":144,"column":0}},"144":{"start":{"line":145,"column":0},"end":{"line":145,"column":59}},"145":{"start":{"line":146,"column":0},"end":{"line":146,"column":0}},"146":{"start":{"line":147,"column":0},"end":{"line":147,"column":30}},"147":{"start":{"line":148,"column":0},"end":{"line":148,"column":43}},"148":{"start":{"line":149,"column":0},"end":{"line":149,"column":0}},"149":{"start":{"line":150,"column":0},"end":{"line":150,"column":44}},"150":{"start":{"line":151,"column":0},"end":{"line":151,"column":28}},"151":{"start":{"line":152,"column":0},"end":{"line":152,"column":40}},"152":{"start":{"line":153,"column":0},"end":{"line":153,"column":0}},"153":{"start":{"line":154,"column":0},"end":{"line":154,"column":29}},"154":{"start":{"line":155,"column":0},"end":{"line":155,"column":19}},"155":{"start":{"line":156,"column":0},"end":{"line":156,"column":30}},"156":{"start":{"line":157,"column":0},"end":{"line":157,"column":0}},"157":{"start":{"line":158,"column":0},"end":{"line":158,"column":15}},"158":{"start":{"line":159,"column":0},"end":{"line":159,"column":24}},"159":{"start":{"line":160,"column":0},"end":{"line":160,"column":17}},"160":{"start":{"line":161,"column":0},"end":{"line":161,"column":6}},"161":{"start":{"line":162,"column":0},"end":{"line":162,"column":0}},"162":{"start":{"line":163,"column":0},"end":{"line":163,"column":0}},"163":{"start":{"line":164,"column":0},"end":{"line":164,"column":47}},"164":{"start":{"line":165,"column":0},"end":{"line":165,"column":51}},"165":{"start":{"line":166,"column":0},"end":{"line":166,"column":42}},"166":{"start":{"line":167,"column":0},"end":{"line":167,"column":11}},"167":{"start":{"line":168,"column":0},"end":{"line":168,"column":38}},"168":{"start":{"line":169,"column":0},"end":{"line":169,"column":5}},"169":{"start":{"line":170,"column":0},"end":{"line":170,"column":29}},"170":{"start":{"line":171,"column":0},"end":{"line":171,"column":83}},"171":{"start":{"line":172,"column":0},"end":{"line":172,"column":5}},"172":{"start":{"line":173,"column":0},"end":{"line":173,"column":0}},"173":{"start":{"line":174,"column":0},"end":{"line":174,"column":25}},"174":{"start":{"line":175,"column":0},"end":{"line":175,"column":19}},"175":{"start":{"line":176,"column":0},"end":{"line":176,"column":5}},"176":{"start":{"line":177,"column":0},"end":{"line":177,"column":0}},"177":{"start":{"line":178,"column":0},"end":{"line":178,"column":35}},"178":{"start":{"line":179,"column":0},"end":{"line":179,"column":0}},"179":{"start":{"line":180,"column":0},"end":{"line":180,"column":64}},"180":{"start":{"line":181,"column":0},"end":{"line":181,"column":76}},"181":{"start":{"line":182,"column":0},"end":{"line":182,"column":4}},"182":{"start":{"line":183,"column":0},"end":{"line":183,"column":16}},"183":{"start":{"line":184,"column":0},"end":{"line":184,"column":2}}},"s":{"0":1,"1":1,"2":1,"3":1,"4":1,"5":1,"6":1,"7":1166,"8":1166,"9":1166,"10":40,"11":40,"12":12,"13":12,"14":40,"15":1166,"16":1166,"17":694,"18":10,"19":694,"20":684,"21":684,"22":1166,"23":74,"24":74,"25":74,"26":74,"27":74,"28":74,"29":472,"30":398,"31":398,"32":398,"33":1166,"34":1166,"35":1166,"36":1166,"37":1166,"38":1166,"39":482,"40":482,"41":1166,"42":684,"43":684,"44":684,"45":1166,"46":1,"47":2715,"48":2715,"49":2715,"50":1,"51":1166,"52":1166,"53":1138,"54":1128,"55":1128,"56":1138,"57":1138,"58":1166,"59":1166,"60":600,"61":600,"62":598,"63":598,"64":600,"65":1166,"66":1166,"67":1166,"68":1166,"69":1166,"70":1066,"71":393,"72":25,"73":393,"74":368,"75":368,"76":393,"77":1066,"78":1166,"79":1166,"80":1166,"81":1,"82":1150,"83":1150,"84":1118,"85":1118,"86":32,"87":32,"88":1149,"89":30,"90":30,"91":1149,"92":14,"93":14,"94":16,"95":16,"96":16,"97":1149,"98":4,"99":4,"100":12,"101":1149,"102":2,"103":2,"104":10,"105":10,"106":10,"107":1,"108":14370,"109":14370,"110":14370,"111":1,"112":1,"113":1,"114":1,"115":1,"116":1,"117":1,"118":1,"119":1,"120":1,"121":1,"122":1,"123":1,"124":1,"125":1,"126":1,"127":1,"128":1,"129":1,"130":1,"131":1,"132":1,"133":1,"134":1,"135":1,"136":1,"137":1,"138":1,"139":1,"140":1,"141":1,"142":1,"143":1,"144":1,"145":22,"146":22,"147":22,"148":22,"149":22,"150":22,"151":22,"152":22,"153":22,"154":22,"155":22,"156":22,"157":22,"158":22,"159":22,"160":22,"161":22,"162":22,"163":22,"164":1,"165":2,"166":1,"167":1,"168":1,"169":22,"170":0,"171":0,"172":22,"173":22,"174":7,"175":7,"176":15,"177":15,"178":15,"179":15,"180":15,"181":15,"182":15,"183":15},"branchMap":{"0":{"type":"branch","line":8,"loc":{"start":{"line":8,"column":0},"end":{"line":46,"column":1}},"locations":[{"start":{"line":8,"column":0},"end":{"line":46,"column":1}}]},"1":{"type":"branch","line":10,"loc":{"start":{"line":10,"column":23},"end":{"line":15,"column":5}},"locations":[{"start":{"line":10,"column":23},"end":{"line":15,"column":5}}]},"2":{"type":"branch","line":12,"loc":{"start":{"line":12,"column":30},"end":{"line":14,"column":9}},"locations":[{"start":{"line":12,"column":30},"end":{"line":14,"column":9}}]},"3":{"type":"branch","line":17,"loc":{"start":{"line":17,"column":35},"end":{"line":23,"column":5}},"locations":[{"start":{"line":17,"column":35},"end":{"line":23,"column":5}}]},"4":{"type":"branch","line":18,"loc":{"start":{"line":18,"column":32},"end":{"line":18,"column":61}},"locations":[{"start":{"line":18,"column":32},"end":{"line":18,"column":61}}]},"5":{"type":"branch","line":18,"loc":{"start":{"line":18,"column":63},"end":{"line":20,"column":9}},"locations":[{"start":{"line":18,"column":63},"end":{"line":20,"column":9}}]},"6":{"type":"branch","line":20,"loc":{"start":{"line":20,"column":9},"end":{"line":22,"column":9}},"locations":[{"start":{"line":20,"column":9},"end":{"line":22,"column":9}}]},"7":{"type":"branch","line":23,"loc":{"start":{"line":23,"column":5},"end":{"line":33,"column":5}},"locations":[{"start":{"line":23,"column":5},"end":{"line":33,"column":5}}]},"8":{"type":"branch","line":23,"loc":{"start":{"line":23,"column":57},"end":{"line":30,"column":5}},"locations":[{"start":{"line":23,"column":57},"end":{"line":30,"column":5}}]},"9":{"type":"branch","line":30,"loc":{"start":{"line":30,"column":5},"end":{"line":33,"column":5}},"locations":[{"start":{"line":30,"column":5},"end":{"line":33,"column":5}}]},"10":{"type":"branch","line":39,"loc":{"start":{"line":39,"column":46},"end":{"line":42,"column":5}},"locations":[{"start":{"line":39,"column":46},"end":{"line":42,"column":5}}]},"11":{"type":"branch","line":42,"loc":{"start":{"line":42,"column":5},"end":{"line":45,"column":5}},"locations":[{"start":{"line":42,"column":5},"end":{"line":45,"column":5}}]},"12":{"type":"branch","line":48,"loc":{"start":{"line":48,"column":0},"end":{"line":50,"column":1}},"locations":[{"start":{"line":48,"column":0},"end":{"line":50,"column":1}}]},"13":{"type":"branch","line":49,"loc":{"start":{"line":49,"column":66},"end":{"line":49,"column":72}},"locations":[{"start":{"line":49,"column":66},"end":{"line":49,"column":72}}]},"14":{"type":"branch","line":52,"loc":{"start":{"line":52,"column":0},"end":{"line":81,"column":1}},"locations":[{"start":{"line":52,"column":0},"end":{"line":81,"column":1}}]},"15":{"type":"branch","line":53,"loc":{"start":{"line":53,"column":39},"end":{"line":58,"column":5}},"locations":[{"start":{"line":53,"column":39},"end":{"line":58,"column":5}}]},"16":{"type":"branch","line":54,"loc":{"start":{"line":54,"column":26},"end":{"line":56,"column":9}},"locations":[{"start":{"line":54,"column":26},"end":{"line":56,"column":9}}]},"17":{"type":"branch","line":60,"loc":{"start":{"line":60,"column":37},"end":{"line":65,"column":5}},"locations":[{"start":{"line":60,"column":37},"end":{"line":65,"column":5}}]},"18":{"type":"branch","line":62,"loc":{"start":{"line":62,"column":33},"end":{"line":62,"column":80}},"locations":[{"start":{"line":62,"column":33},"end":{"line":62,"column":80}}]},"19":{"type":"branch","line":62,"loc":{"start":{"line":62,"column":82},"end":{"line":64,"column":9}},"locations":[{"start":{"line":62,"column":82},"end":{"line":64,"column":9}}]},"20":{"type":"branch","line":70,"loc":{"start":{"line":70,"column":29},"end":{"line":78,"column":5}},"locations":[{"start":{"line":70,"column":29},"end":{"line":78,"column":5}}]},"21":{"type":"branch","line":71,"loc":{"start":{"line":71,"column":44},"end":{"line":71,"column":89}},"locations":[{"start":{"line":71,"column":44},"end":{"line":71,"column":89}}]},"22":{"type":"branch","line":71,"loc":{"start":{"line":71,"column":91},"end":{"line":77,"column":9}},"locations":[{"start":{"line":71,"column":91},"end":{"line":77,"column":9}}]},"23":{"type":"branch","line":72,"loc":{"start":{"line":72,"column":49},"end":{"line":74,"column":13}},"locations":[{"start":{"line":72,"column":49},"end":{"line":74,"column":13}}]},"24":{"type":"branch","line":74,"loc":{"start":{"line":74,"column":13},"end":{"line":76,"column":13}},"locations":[{"start":{"line":74,"column":13},"end":{"line":76,"column":13}}]},"25":{"type":"branch","line":83,"loc":{"start":{"line":83,"column":0},"end":{"line":107,"column":1}},"locations":[{"start":{"line":83,"column":0},"end":{"line":107,"column":1}}]},"26":{"type":"branch","line":84,"loc":{"start":{"line":84,"column":23},"end":{"line":84,"column":46}},"locations":[{"start":{"line":84,"column":23},"end":{"line":84,"column":46}}]},"27":{"type":"branch","line":84,"loc":{"start":{"line":84,"column":48},"end":{"line":86,"column":5}},"locations":[{"start":{"line":84,"column":48},"end":{"line":86,"column":5}}]},"28":{"type":"branch","line":86,"loc":{"start":{"line":86,"column":4},"end":{"line":107,"column":1}},"locations":[{"start":{"line":86,"column":4},"end":{"line":107,"column":1}}]},"29":{"type":"branch","line":86,"loc":{"start":{"line":86,"column":4},"end":{"line":88,"column":50}},"locations":[{"start":{"line":86,"column":4},"end":{"line":88,"column":50}}]},"30":{"type":"branch","line":89,"loc":{"start":{"line":89,"column":8},"end":{"line":89,"column":42}},"locations":[{"start":{"line":89,"column":8},"end":{"line":89,"column":42}}]},"31":{"type":"branch","line":89,"loc":{"start":{"line":89,"column":41},"end":{"line":92,"column":21}},"locations":[{"start":{"line":89,"column":41},"end":{"line":92,"column":21}}]},"32":{"type":"branch","line":92,"loc":{"start":{"line":92,"column":21},"end":{"line":94,"column":5}},"locations":[{"start":{"line":92,"column":21},"end":{"line":94,"column":5}}]},"33":{"type":"branch","line":94,"loc":{"start":{"line":94,"column":4},"end":{"line":98,"column":26}},"locations":[{"start":{"line":94,"column":4},"end":{"line":98,"column":26}}]},"34":{"type":"branch","line":98,"loc":{"start":{"line":98,"column":26},"end":{"line":100,"column":5}},"locations":[{"start":{"line":98,"column":26},"end":{"line":100,"column":5}}]},"35":{"type":"branch","line":100,"loc":{"start":{"line":100,"column":4},"end":{"line":102,"column":27}},"locations":[{"start":{"line":100,"column":4},"end":{"line":102,"column":27}}]},"36":{"type":"branch","line":102,"loc":{"start":{"line":102,"column":27},"end":{"line":104,"column":5}},"locations":[{"start":{"line":102,"column":27},"end":{"line":104,"column":5}}]},"37":{"type":"branch","line":104,"loc":{"start":{"line":104,"column":4},"end":{"line":107,"column":1}},"locations":[{"start":{"line":104,"column":4},"end":{"line":107,"column":1}}]},"38":{"type":"branch","line":109,"loc":{"start":{"line":109,"column":0},"end":{"line":111,"column":1}},"locations":[{"start":{"line":109,"column":0},"end":{"line":111,"column":1}}]},"39":{"type":"branch","line":110,"loc":{"start":{"line":110,"column":36},"end":{"line":110,"column":119}},"locations":[{"start":{"line":110,"column":36},"end":{"line":110,"column":119}}]},"40":{"type":"branch","line":110,"loc":{"start":{"line":110,"column":84},"end":{"line":110,"column":112}},"locations":[{"start":{"line":110,"column":84},"end":{"line":110,"column":112}}]},"41":{"type":"branch","line":110,"loc":{"start":{"line":110,"column":112},"end":{"line":110,"column":119}},"locations":[{"start":{"line":110,"column":112},"end":{"line":110,"column":119}}]},"42":{"type":"branch","line":110,"loc":{"start":{"line":110,"column":119},"end":{"line":110,"column":126}},"locations":[{"start":{"line":110,"column":119},"end":{"line":110,"column":126}}]},"43":{"type":"branch","line":145,"loc":{"start":{"line":145,"column":17},"end":{"line":184,"column":2}},"locations":[{"start":{"line":145,"column":17},"end":{"line":184,"column":2}}]},"44":{"type":"branch","line":147,"loc":{"start":{"line":147,"column":23},"end":{"line":147,"column":29}},"locations":[{"start":{"line":147,"column":23},"end":{"line":147,"column":29}}]},"45":{"type":"branch","line":164,"loc":{"start":{"line":164,"column":46},"end":{"line":169,"column":5}},"locations":[{"start":{"line":164,"column":46},"end":{"line":169,"column":5}}]},"46":{"type":"branch","line":170,"loc":{"start":{"line":170,"column":28},"end":{"line":172,"column":5}},"locations":[{"start":{"line":170,"column":28},"end":{"line":172,"column":5}}]},"47":{"type":"branch","line":174,"loc":{"start":{"line":174,"column":24},"end":{"line":176,"column":5}},"locations":[{"start":{"line":174,"column":24},"end":{"line":176,"column":5}}]},"48":{"type":"branch","line":176,"loc":{"start":{"line":176,"column":4},"end":{"line":184,"column":2}},"locations":[{"start":{"line":176,"column":4},"end":{"line":184,"column":2}}]},"49":{"type":"branch","line":165,"loc":{"start":{"line":165,"column":38},"end":{"line":167,"column":9}},"locations":[{"start":{"line":165,"column":38},"end":{"line":167,"column":9}}]}},"b":{"0":[1166],"1":[40],"2":[12],"3":[694],"4":[686],"5":[10],"6":[684],"7":[472],"8":[74],"9":[398],"10":[482],"11":[684],"12":[2715],"13":[1138],"14":[1166],"15":[1138],"16":[1128],"17":[600],"18":[585],"19":[598],"20":[1066],"21":[507],"22":[393],"23":[25],"24":[368],"25":[1150],"26":[52],"27":[1118],"28":[1149],"29":[32],"30":[2],"31":[30],"32":[14],"33":[16],"34":[4],"35":[12],"36":[2],"37":[10],"38":[14370],"39":[342],"40":[258],"41":[84],"42":[14028],"43":[22],"44":[0],"45":[1],"46":[0],"47":[7],"48":[15],"49":[2]},"fnMap":{"0":{"name":"startElement","decl":{"start":{"line":8,"column":0},"end":{"line":46,"column":1}},"loc":{"start":{"line":8,"column":0},"end":{"line":46,"column":1}},"line":8},"1":{"name":"text","decl":{"start":{"line":48,"column":0},"end":{"line":50,"column":1}},"loc":{"start":{"line":48,"column":0},"end":{"line":50,"column":1}},"line":48},"2":{"name":"endElement","decl":{"start":{"line":52,"column":0},"end":{"line":81,"column":1}},"loc":{"start":{"line":52,"column":0},"end":{"line":81,"column":1}},"line":52},"3":{"name":"coerce","decl":{"start":{"line":83,"column":0},"end":{"line":107,"column":1}},"loc":{"start":{"line":83,"column":0},"end":{"line":107,"column":1}},"line":83},"4":{"name":"textNodeName","decl":{"start":{"line":109,"column":0},"end":{"line":111,"column":1}},"loc":{"start":{"line":109,"column":0},"end":{"line":111,"column":1}},"line":109},"5":{"name":"module.exports","decl":{"start":{"line":145,"column":17},"end":{"line":184,"column":2}},"loc":{"start":{"line":145,"column":17},"end":{"line":184,"column":2}},"line":145}},"f":{"0":1166,"1":2715,"2":1166,"3":1150,"4":14370,"5":22}}
}
