{"/home/yarkhan/Projects/node-xml2json/lib/index.js": {"path":"/home/yarkhan/Projects/node-xml2json/lib/index.js","all":false,"statementMap":{"0":{"start":{"line":1,"column":0},"end":{"line":1,"column":29}},"1":{"start":{"line":2,"column":0},"end":{"line":2,"column":0}},"2":{"start":{"line":3,"column":0},"end":{"line":3,"column":39}},"3":{"start":{"line":4,"column":0},"end":{"line":4,"column":38}}},"s":{"0":1,"1":1,"2":1,"3":1},"branchMap":{},"b":{},"fnMap":{},"f":{}}
,"/home/yarkhan/Projects/node-xml2json/lib/xml2json.js": {"path":"/home/yarkhan/Projects/node-xml2json/lib/xml2json.js","all":false,"statementMap":{"0":{"start":{"line":1,"column":0},"end":{"line":1,"column":34}},"1":{"start":{"line":2,"column":0},"end":{"line":2,"column":40}},"2":{"start":{"line":3,"column":0},"end":{"line":3,"column":25}},"3":{"start":{"line":4,"column":0},"end":{"line":4,"column":45}},"4":{"start":{"line":5,"column":0},"end":{"line":5,"column":42}},"5":{"start":{"line":6,"column":0},"end":{"line":6,"column":13}},"6":{"start":{"line":7,"column":0},"end":{"line":7,"column":23}},"7":{"start":{"line":8,"column":0},"end":{"line":8,"column":19}},"8":{"start":{"line":9,"column":0},"end":{"line":9,"column":30}},"9":{"start":{"line":10,"column":0},"end":{"line":10,"column":0}},"10":{"start":{"line":11,"column":0},"end":{"line":11,"column":41}},"11":{"start":{"line":12,"column":0},"end":{"line":12,"column":36}},"12":{"start":{"line":13,"column":0},"end":{"line":13,"column":30}},"13":{"start":{"line":14,"column":0},"end":{"line":14,"column":24}},"14":{"start":{"line":15,"column":0},"end":{"line":15,"column":87}},"15":{"start":{"line":16,"column":0},"end":{"line":16,"column":31}},"16":{"start":{"line":17,"column":0},"end":{"line":17,"column":48}},"17":{"start":{"line":18,"column":0},"end":{"line":18,"column":9}},"18":{"start":{"line":19,"column":0},"end":{"line":19,"column":5}},"19":{"start":{"line":20,"column":0},"end":{"line":20,"column":0}},"20":{"start":{"line":21,"column":0},"end":{"line":21,"column":36}},"21":{"start":{"line":22,"column":0},"end":{"line":22,"column":64}},"22":{"start":{"line":23,"column":0},"end":{"line":23,"column":42}},"23":{"start":{"line":24,"column":0},"end":{"line":24,"column":16}},"24":{"start":{"line":25,"column":0},"end":{"line":25,"column":40}},"25":{"start":{"line":26,"column":0},"end":{"line":26,"column":9}},"26":{"start":{"line":27,"column":0},"end":{"line":27,"column":58}},"27":{"start":{"line":28,"column":0},"end":{"line":28,"column":47}},"28":{"start":{"line":29,"column":0},"end":{"line":29,"column":45}},"29":{"start":{"line":30,"column":0},"end":{"line":30,"column":43}},"30":{"start":{"line":31,"column":0},"end":{"line":31,"column":29}},"31":{"start":{"line":32,"column":0},"end":{"line":32,"column":34}},"32":{"start":{"line":33,"column":0},"end":{"line":33,"column":39}},"33":{"start":{"line":34,"column":0},"end":{"line":34,"column":12}},"34":{"start":{"line":35,"column":0},"end":{"line":35,"column":65}},"35":{"start":{"line":36,"column":0},"end":{"line":36,"column":40}},"36":{"start":{"line":37,"column":0},"end":{"line":37,"column":5}},"37":{"start":{"line":38,"column":0},"end":{"line":38,"column":0}},"38":{"start":{"line":39,"column":0},"end":{"line":39,"column":38}},"39":{"start":{"line":40,"column":0},"end":{"line":40,"column":34}},"40":{"start":{"line":41,"column":0},"end":{"line":41,"column":0}},"41":{"start":{"line":42,"column":0},"end":{"line":42,"column":77}},"42":{"start":{"line":43,"column":0},"end":{"line":43,"column":47}},"43":{"start":{"line":44,"column":0},"end":{"line":44,"column":64}},"44":{"start":{"line":45,"column":0},"end":{"line":45,"column":76}},"45":{"start":{"line":46,"column":0},"end":{"line":46,"column":12}},"46":{"start":{"line":47,"column":0},"end":{"line":47,"column":44}},"47":{"start":{"line":48,"column":0},"end":{"line":48,"column":44}},"48":{"start":{"line":49,"column":0},"end":{"line":49,"column":5}},"49":{"start":{"line":50,"column":0},"end":{"line":50,"column":1}},"50":{"start":{"line":51,"column":0},"end":{"line":51,"column":0}},"51":{"start":{"line":52,"column":0},"end":{"line":52,"column":21}},"52":{"start":{"line":53,"column":0},"end":{"line":53,"column":81}},"53":{"start":{"line":54,"column":0},"end":{"line":54,"column":1}},"54":{"start":{"line":55,"column":0},"end":{"line":55,"column":0}},"55":{"start":{"line":56,"column":0},"end":{"line":56,"column":27}},"56":{"start":{"line":57,"column":0},"end":{"line":57,"column":40}},"57":{"start":{"line":58,"column":0},"end":{"line":58,"column":27}},"58":{"start":{"line":59,"column":0},"end":{"line":59,"column":80}},"59":{"start":{"line":60,"column":0},"end":{"line":60,"column":9}},"60":{"start":{"line":61,"column":0},"end":{"line":61,"column":0}},"61":{"start":{"line":62,"column":0},"end":{"line":62,"column":76}},"62":{"start":{"line":63,"column":0},"end":{"line":63,"column":33}},"63":{"start":{"line":64,"column":0},"end":{"line":64,"column":102}},"64":{"start":{"line":65,"column":0},"end":{"line":65,"column":11}},"65":{"start":{"line":66,"column":0},"end":{"line":66,"column":0}},"66":{"start":{"line":67,"column":0},"end":{"line":67,"column":83}},"67":{"start":{"line":68,"column":0},"end":{"line":68,"column":5}},"68":{"start":{"line":69,"column":0},"end":{"line":69,"column":0}},"69":{"start":{"line":70,"column":0},"end":{"line":70,"column":38}},"70":{"start":{"line":71,"column":0},"end":{"line":71,"column":45}},"71":{"start":{"line":72,"column":0},"end":{"line":72,"column":5}},"72":{"start":{"line":73,"column":0},"end":{"line":73,"column":64}},"73":{"start":{"line":74,"column":0},"end":{"line":74,"column":38}},"74":{"start":{"line":75,"column":0},"end":{"line":75,"column":35}},"75":{"start":{"line":76,"column":0},"end":{"line":76,"column":30}},"76":{"start":{"line":77,"column":0},"end":{"line":77,"column":92}},"77":{"start":{"line":78,"column":0},"end":{"line":78,"column":50}},"78":{"start":{"line":79,"column":0},"end":{"line":79,"column":74}},"79":{"start":{"line":80,"column":0},"end":{"line":80,"column":20}},"80":{"start":{"line":81,"column":0},"end":{"line":81,"column":63}},"81":{"start":{"line":82,"column":0},"end":{"line":82,"column":13}},"82":{"start":{"line":83,"column":0},"end":{"line":83,"column":9}},"83":{"start":{"line":84,"column":0},"end":{"line":84,"column":5}},"84":{"start":{"line":85,"column":0},"end":{"line":85,"column":0}},"85":{"start":{"line":86,"column":0},"end":{"line":86,"column":29}},"86":{"start":{"line":87,"column":0},"end":{"line":87,"column":1}},"87":{"start":{"line":88,"column":0},"end":{"line":88,"column":0}},"88":{"start":{"line":89,"column":0},"end":{"line":89,"column":28}},"89":{"start":{"line":90,"column":0},"end":{"line":90,"column":49}},"90":{"start":{"line":91,"column":0},"end":{"line":91,"column":21}},"91":{"start":{"line":92,"column":0},"end":{"line":92,"column":5}},"92":{"start":{"line":93,"column":0},"end":{"line":93,"column":0}},"93":{"start":{"line":94,"column":0},"end":{"line":94,"column":50}},"94":{"start":{"line":95,"column":0},"end":{"line":95,"column":42}},"95":{"start":{"line":96,"column":0},"end":{"line":96,"column":0}},"96":{"start":{"line":97,"column":0},"end":{"line":97,"column":28}},"97":{"start":{"line":98,"column":0},"end":{"line":98,"column":22}},"98":{"start":{"line":99,"column":0},"end":{"line":99,"column":19}},"99":{"start":{"line":100,"column":0},"end":{"line":100,"column":5}},"100":{"start":{"line":101,"column":0},"end":{"line":101,"column":0}},"101":{"start":{"line":102,"column":0},"end":{"line":102,"column":37}},"102":{"start":{"line":103,"column":0},"end":{"line":103,"column":0}},"103":{"start":{"line":104,"column":0},"end":{"line":104,"column":27}},"104":{"start":{"line":105,"column":0},"end":{"line":105,"column":20}},"105":{"start":{"line":106,"column":0},"end":{"line":106,"column":5}},"106":{"start":{"line":107,"column":0},"end":{"line":107,"column":0}},"107":{"start":{"line":108,"column":0},"end":{"line":108,"column":28}},"108":{"start":{"line":109,"column":0},"end":{"line":109,"column":21}},"109":{"start":{"line":110,"column":0},"end":{"line":110,"column":5}},"110":{"start":{"line":111,"column":0},"end":{"line":111,"column":0}},"111":{"start":{"line":112,"column":0},"end":{"line":112,"column":17}},"112":{"start":{"line":113,"column":0},"end":{"line":113,"column":1}},"113":{"start":{"line":114,"column":0},"end":{"line":114,"column":0}},"114":{"start":{"line":115,"column":0},"end":{"line":115,"column":25}},"115":{"start":{"line":116,"column":0},"end":{"line":116,"column":126}},"116":{"start":{"line":117,"column":0},"end":{"line":117,"column":1}},"117":{"start":{"line":118,"column":0},"end":{"line":118,"column":0}},"118":{"start":{"line":119,"column":0},"end":{"line":119,"column":0}},"119":{"start":{"line":120,"column":0},"end":{"line":120,"column":3}},"120":{"start":{"line":121,"column":0},"end":{"line":121,"column":39}},"121":{"start":{"line":122,"column":0},"end":{"line":122,"column":59}},"122":{"start":{"line":123,"column":0},"end":{"line":123,"column":72}},"123":{"start":{"line":124,"column":0},"end":{"line":124,"column":29}},"124":{"start":{"line":125,"column":0},"end":{"line":125,"column":72}},"125":{"start":{"line":126,"column":0},"end":{"line":126,"column":28}},"126":{"start":{"line":127,"column":0},"end":{"line":127,"column":73}},"127":{"start":{"line":128,"column":0},"end":{"line":128,"column":67}},"128":{"start":{"line":129,"column":0},"end":{"line":129,"column":79}},"129":{"start":{"line":130,"column":0},"end":{"line":130,"column":71}},"130":{"start":{"line":131,"column":0},"end":{"line":131,"column":45}},"131":{"start":{"line":132,"column":0},"end":{"line":132,"column":57}},"132":{"start":{"line":133,"column":0},"end":{"line":133,"column":85}},"133":{"start":{"line":134,"column":0},"end":{"line":134,"column":114}},"134":{"start":{"line":135,"column":0},"end":{"line":135,"column":2}},"135":{"start":{"line":136,"column":0},"end":{"line":136,"column":77}},"136":{"start":{"line":137,"column":0},"end":{"line":137,"column":14}},"137":{"start":{"line":138,"column":0},"end":{"line":138,"column":3}},"138":{"start":{"line":139,"column":0},"end":{"line":139,"column":42}},"139":{"start":{"line":140,"column":0},"end":{"line":140,"column":0}},"140":{"start":{"line":141,"column":0},"end":{"line":141,"column":30}},"141":{"start":{"line":142,"column":0},"end":{"line":142,"column":43}},"142":{"start":{"line":143,"column":0},"end":{"line":143,"column":0}},"143":{"start":{"line":144,"column":0},"end":{"line":144,"column":44}},"144":{"start":{"line":145,"column":0},"end":{"line":145,"column":28}},"145":{"start":{"line":146,"column":0},"end":{"line":146,"column":40}},"146":{"start":{"line":147,"column":0},"end":{"line":147,"column":0}},"147":{"start":{"line":148,"column":0},"end":{"line":148,"column":29}},"148":{"start":{"line":149,"column":0},"end":{"line":149,"column":19}},"149":{"start":{"line":150,"column":0},"end":{"line":150,"column":30}},"150":{"start":{"line":151,"column":0},"end":{"line":151,"column":0}},"151":{"start":{"line":152,"column":0},"end":{"line":152,"column":18}},"152":{"start":{"line":153,"column":0},"end":{"line":153,"column":45}},"153":{"start":{"line":154,"column":0},"end":{"line":154,"column":49}},"154":{"start":{"line":155,"column":0},"end":{"line":155,"column":79}},"155":{"start":{"line":156,"column":0},"end":{"line":156,"column":46}},"156":{"start":{"line":157,"column":0},"end":{"line":157,"column":42}},"157":{"start":{"line":158,"column":0},"end":{"line":158,"column":85}},"158":{"start":{"line":159,"column":0},"end":{"line":159,"column":86}},"159":{"start":{"line":160,"column":0},"end":{"line":160,"column":6}},"160":{"start":{"line":161,"column":0},"end":{"line":161,"column":52}},"161":{"start":{"line":162,"column":0},"end":{"line":162,"column":56}},"162":{"start":{"line":163,"column":0},"end":{"line":163,"column":31}},"163":{"start":{"line":164,"column":0},"end":{"line":164,"column":29}},"164":{"start":{"line":165,"column":0},"end":{"line":165,"column":47}},"165":{"start":{"line":166,"column":0},"end":{"line":166,"column":51}},"166":{"start":{"line":167,"column":0},"end":{"line":167,"column":42}},"167":{"start":{"line":168,"column":0},"end":{"line":168,"column":11}},"168":{"start":{"line":169,"column":0},"end":{"line":169,"column":38}},"169":{"start":{"line":170,"column":0},"end":{"line":170,"column":5}},"170":{"start":{"line":171,"column":0},"end":{"line":171,"column":29}},"171":{"start":{"line":172,"column":0},"end":{"line":172,"column":83}},"172":{"start":{"line":173,"column":0},"end":{"line":173,"column":5}},"173":{"start":{"line":174,"column":0},"end":{"line":174,"column":0}},"174":{"start":{"line":175,"column":0},"end":{"line":175,"column":25}},"175":{"start":{"line":176,"column":0},"end":{"line":176,"column":19}},"176":{"start":{"line":177,"column":0},"end":{"line":177,"column":5}},"177":{"start":{"line":178,"column":0},"end":{"line":178,"column":0}},"178":{"start":{"line":179,"column":0},"end":{"line":179,"column":35}},"179":{"start":{"line":180,"column":0},"end":{"line":180,"column":0}},"180":{"start":{"line":181,"column":0},"end":{"line":181,"column":64}},"181":{"start":{"line":182,"column":0},"end":{"line":182,"column":76}},"182":{"start":{"line":183,"column":0},"end":{"line":183,"column":4}},"183":{"start":{"line":184,"column":0},"end":{"line":184,"column":16}},"184":{"start":{"line":185,"column":0},"end":{"line":185,"column":2}}},"s":{"0":1,"1":1,"2":1,"3":1,"4":1,"5":1,"6":1,"7":1,"8":1,"9":1,"10":1,"11":1162,"12":1162,"13":1162,"14":40,"15":40,"16":12,"17":12,"18":40,"19":1162,"20":1162,"21":690,"22":10,"23":690,"24":680,"25":680,"26":1162,"27":74,"28":74,"29":74,"30":74,"31":74,"32":74,"33":472,"34":398,"35":398,"36":398,"37":1162,"38":1162,"39":1162,"40":1162,"41":1162,"42":1162,"43":482,"44":482,"45":1162,"46":680,"47":680,"48":680,"49":1162,"50":1,"51":2711,"52":2711,"53":2711,"54":1,"55":1162,"56":1162,"57":1134,"58":1124,"59":1124,"60":1134,"61":1134,"62":1134,"63":1134,"64":1134,"65":1134,"66":1134,"67":1134,"68":1162,"69":1162,"70":598,"71":598,"72":1162,"73":1162,"74":1162,"75":1162,"76":1066,"77":393,"78":25,"79":393,"80":368,"81":368,"82":393,"83":1066,"84":1162,"85":1162,"86":1162,"87":1,"88":1146,"89":1146,"90":1114,"91":1114,"92":32,"93":32,"94":1145,"95":30,"96":30,"97":1145,"98":14,"99":14,"100":16,"101":16,"102":16,"103":1145,"104":4,"105":4,"106":12,"107":1145,"108":2,"109":2,"110":10,"111":10,"112":10,"113":1,"114":13157,"115":13157,"116":13157,"117":1,"118":1,"119":1,"120":1,"121":1,"122":1,"123":1,"124":1,"125":1,"126":1,"127":1,"128":1,"129":1,"130":1,"131":1,"132":1,"133":1,"134":1,"135":1,"136":1,"137":1,"138":1,"139":20,"140":20,"141":20,"142":20,"143":20,"144":20,"145":20,"146":20,"147":20,"148":20,"149":20,"150":20,"151":20,"152":20,"153":20,"154":20,"155":20,"156":20,"157":20,"158":20,"159":20,"160":20,"161":20,"162":20,"163":20,"164":20,"165":1,"166":2,"167":1,"168":1,"169":1,"170":20,"171":0,"172":0,"173":20,"174":20,"175":5,"176":5,"177":15,"178":15,"179":15,"180":15,"181":15,"182":15,"183":15,"184":15},"branchMap":{"0":{"type":"branch","line":12,"loc":{"start":{"line":12,"column":0},"end":{"line":50,"column":1}},"locations":[{"start":{"line":12,"column":0},"end":{"line":50,"column":1}}]},"1":{"type":"branch","line":14,"loc":{"start":{"line":14,"column":23},"end":{"line":19,"column":5}},"locations":[{"start":{"line":14,"column":23},"end":{"line":19,"column":5}}]},"2":{"type":"branch","line":16,"loc":{"start":{"line":16,"column":30},"end":{"line":18,"column":9}},"locations":[{"start":{"line":16,"column":30},"end":{"line":18,"column":9}}]},"3":{"type":"branch","line":21,"loc":{"start":{"line":21,"column":35},"end":{"line":27,"column":5}},"locations":[{"start":{"line":21,"column":35},"end":{"line":27,"column":5}}]},"4":{"type":"branch","line":22,"loc":{"start":{"line":22,"column":32},"end":{"line":22,"column":61}},"locations":[{"start":{"line":22,"column":32},"end":{"line":22,"column":61}}]},"5":{"type":"branch","line":22,"loc":{"start":{"line":22,"column":63},"end":{"line":24,"column":9}},"locations":[{"start":{"line":22,"column":63},"end":{"line":24,"column":9}}]},"6":{"type":"branch","line":24,"loc":{"start":{"line":24,"column":9},"end":{"line":26,"column":9}},"locations":[{"start":{"line":24,"column":9},"end":{"line":26,"column":9}}]},"7":{"type":"branch","line":27,"loc":{"start":{"line":27,"column":5},"end":{"line":37,"column":5}},"locations":[{"start":{"line":27,"column":5},"end":{"line":37,"column":5}}]},"8":{"type":"branch","line":27,"loc":{"start":{"line":27,"column":57},"end":{"line":34,"column":5}},"locations":[{"start":{"line":27,"column":57},"end":{"line":34,"column":5}}]},"9":{"type":"branch","line":34,"loc":{"start":{"line":34,"column":5},"end":{"line":37,"column":5}},"locations":[{"start":{"line":34,"column":5},"end":{"line":37,"column":5}}]},"10":{"type":"branch","line":43,"loc":{"start":{"line":43,"column":46},"end":{"line":46,"column":5}},"locations":[{"start":{"line":43,"column":46},"end":{"line":46,"column":5}}]},"11":{"type":"branch","line":46,"loc":{"start":{"line":46,"column":5},"end":{"line":49,"column":5}},"locations":[{"start":{"line":46,"column":5},"end":{"line":49,"column":5}}]},"12":{"type":"branch","line":52,"loc":{"start":{"line":52,"column":0},"end":{"line":54,"column":1}},"locations":[{"start":{"line":52,"column":0},"end":{"line":54,"column":1}}]},"13":{"type":"branch","line":53,"loc":{"start":{"line":53,"column":66},"end":{"line":53,"column":72}},"locations":[{"start":{"line":53,"column":66},"end":{"line":53,"column":72}}]},"14":{"type":"branch","line":56,"loc":{"start":{"line":56,"column":0},"end":{"line":87,"column":1}},"locations":[{"start":{"line":56,"column":0},"end":{"line":87,"column":1}}]},"15":{"type":"branch","line":57,"loc":{"start":{"line":57,"column":39},"end":{"line":68,"column":5}},"locations":[{"start":{"line":57,"column":39},"end":{"line":68,"column":5}}]},"16":{"type":"branch","line":58,"loc":{"start":{"line":58,"column":26},"end":{"line":60,"column":9}},"locations":[{"start":{"line":58,"column":26},"end":{"line":60,"column":9}}]},"17":{"type":"branch","line":70,"loc":{"start":{"line":70,"column":37},"end":{"line":72,"column":5}},"locations":[{"start":{"line":70,"column":37},"end":{"line":72,"column":5}}]},"18":{"type":"branch","line":76,"loc":{"start":{"line":76,"column":29},"end":{"line":84,"column":5}},"locations":[{"start":{"line":76,"column":29},"end":{"line":84,"column":5}}]},"19":{"type":"branch","line":77,"loc":{"start":{"line":77,"column":44},"end":{"line":77,"column":89}},"locations":[{"start":{"line":77,"column":44},"end":{"line":77,"column":89}}]},"20":{"type":"branch","line":77,"loc":{"start":{"line":77,"column":91},"end":{"line":83,"column":9}},"locations":[{"start":{"line":77,"column":91},"end":{"line":83,"column":9}}]},"21":{"type":"branch","line":78,"loc":{"start":{"line":78,"column":49},"end":{"line":80,"column":13}},"locations":[{"start":{"line":78,"column":49},"end":{"line":80,"column":13}}]},"22":{"type":"branch","line":80,"loc":{"start":{"line":80,"column":13},"end":{"line":82,"column":13}},"locations":[{"start":{"line":80,"column":13},"end":{"line":82,"column":13}}]},"23":{"type":"branch","line":89,"loc":{"start":{"line":89,"column":0},"end":{"line":113,"column":1}},"locations":[{"start":{"line":89,"column":0},"end":{"line":113,"column":1}}]},"24":{"type":"branch","line":90,"loc":{"start":{"line":90,"column":23},"end":{"line":90,"column":46}},"locations":[{"start":{"line":90,"column":23},"end":{"line":90,"column":46}}]},"25":{"type":"branch","line":90,"loc":{"start":{"line":90,"column":48},"end":{"line":92,"column":5}},"locations":[{"start":{"line":90,"column":48},"end":{"line":92,"column":5}}]},"26":{"type":"branch","line":92,"loc":{"start":{"line":92,"column":4},"end":{"line":113,"column":1}},"locations":[{"start":{"line":92,"column":4},"end":{"line":113,"column":1}}]},"27":{"type":"branch","line":92,"loc":{"start":{"line":92,"column":4},"end":{"line":94,"column":50}},"locations":[{"start":{"line":92,"column":4},"end":{"line":94,"column":50}}]},"28":{"type":"branch","line":95,"loc":{"start":{"line":95,"column":8},"end":{"line":95,"column":42}},"locations":[{"start":{"line":95,"column":8},"end":{"line":95,"column":42}}]},"29":{"type":"branch","line":95,"loc":{"start":{"line":95,"column":41},"end":{"line":98,"column":21}},"locations":[{"start":{"line":95,"column":41},"end":{"line":98,"column":21}}]},"30":{"type":"branch","line":98,"loc":{"start":{"line":98,"column":21},"end":{"line":100,"column":5}},"locations":[{"start":{"line":98,"column":21},"end":{"line":100,"column":5}}]},"31":{"type":"branch","line":100,"loc":{"start":{"line":100,"column":4},"end":{"line":104,"column":26}},"locations":[{"start":{"line":100,"column":4},"end":{"line":104,"column":26}}]},"32":{"type":"branch","line":104,"loc":{"start":{"line":104,"column":26},"end":{"line":106,"column":5}},"locations":[{"start":{"line":104,"column":26},"end":{"line":106,"column":5}}]},"33":{"type":"branch","line":106,"loc":{"start":{"line":106,"column":4},"end":{"line":108,"column":27}},"locations":[{"start":{"line":106,"column":4},"end":{"line":108,"column":27}}]},"34":{"type":"branch","line":108,"loc":{"start":{"line":108,"column":27},"end":{"line":110,"column":5}},"locations":[{"start":{"line":108,"column":27},"end":{"line":110,"column":5}}]},"35":{"type":"branch","line":110,"loc":{"start":{"line":110,"column":4},"end":{"line":113,"column":1}},"locations":[{"start":{"line":110,"column":4},"end":{"line":113,"column":1}}]},"36":{"type":"branch","line":115,"loc":{"start":{"line":115,"column":0},"end":{"line":117,"column":1}},"locations":[{"start":{"line":115,"column":0},"end":{"line":117,"column":1}}]},"37":{"type":"branch","line":116,"loc":{"start":{"line":116,"column":36},"end":{"line":116,"column":119}},"locations":[{"start":{"line":116,"column":36},"end":{"line":116,"column":119}}]},"38":{"type":"branch","line":116,"loc":{"start":{"line":116,"column":84},"end":{"line":116,"column":112}},"locations":[{"start":{"line":116,"column":84},"end":{"line":116,"column":112}}]},"39":{"type":"branch","line":116,"loc":{"start":{"line":116,"column":112},"end":{"line":116,"column":119}},"locations":[{"start":{"line":116,"column":112},"end":{"line":116,"column":119}}]},"40":{"type":"branch","line":116,"loc":{"start":{"line":116,"column":119},"end":{"line":116,"column":126}},"locations":[{"start":{"line":116,"column":119},"end":{"line":116,"column":126}}]},"41":{"type":"branch","line":139,"loc":{"start":{"line":139,"column":17},"end":{"line":185,"column":2}},"locations":[{"start":{"line":139,"column":17},"end":{"line":185,"column":2}}]},"42":{"type":"branch","line":141,"loc":{"start":{"line":141,"column":23},"end":{"line":141,"column":29}},"locations":[{"start":{"line":141,"column":23},"end":{"line":141,"column":29}}]},"43":{"type":"branch","line":165,"loc":{"start":{"line":165,"column":46},"end":{"line":170,"column":5}},"locations":[{"start":{"line":165,"column":46},"end":{"line":170,"column":5}}]},"44":{"type":"branch","line":171,"loc":{"start":{"line":171,"column":28},"end":{"line":173,"column":5}},"locations":[{"start":{"line":171,"column":28},"end":{"line":173,"column":5}}]},"45":{"type":"branch","line":175,"loc":{"start":{"line":175,"column":24},"end":{"line":177,"column":5}},"locations":[{"start":{"line":175,"column":24},"end":{"line":177,"column":5}}]},"46":{"type":"branch","line":177,"loc":{"start":{"line":177,"column":4},"end":{"line":185,"column":2}},"locations":[{"start":{"line":177,"column":4},"end":{"line":185,"column":2}}]},"47":{"type":"branch","line":166,"loc":{"start":{"line":166,"column":38},"end":{"line":168,"column":9}},"locations":[{"start":{"line":166,"column":38},"end":{"line":168,"column":9}}]}},"b":{"0":[1162],"1":[40],"2":[12],"3":[690],"4":[682],"5":[10],"6":[680],"7":[472],"8":[74],"9":[398],"10":[482],"11":[680],"12":[2711],"13":[1134],"14":[1162],"15":[1134],"16":[1124],"17":[598],"18":[1066],"19":[507],"20":[393],"21":[25],"22":[368],"23":[1146],"24":[52],"25":[1114],"26":[1145],"27":[32],"28":[2],"29":[30],"30":[14],"31":[16],"32":[4],"33":[12],"34":[2],"35":[10],"36":[13157],"37":[298],"38":[222],"39":[76],"40":[12859],"41":[20],"42":[0],"43":[1],"44":[0],"45":[5],"46":[15],"47":[2]},"fnMap":{"0":{"name":"startElement","decl":{"start":{"line":12,"column":0},"end":{"line":50,"column":1}},"loc":{"start":{"line":12,"column":0},"end":{"line":50,"column":1}},"line":12},"1":{"name":"text","decl":{"start":{"line":52,"column":0},"end":{"line":54,"column":1}},"loc":{"start":{"line":52,"column":0},"end":{"line":54,"column":1}},"line":52},"2":{"name":"endElement","decl":{"start":{"line":56,"column":0},"end":{"line":87,"column":1}},"loc":{"start":{"line":56,"column":0},"end":{"line":87,"column":1}},"line":56},"3":{"name":"coerce","decl":{"start":{"line":89,"column":0},"end":{"line":113,"column":1}},"loc":{"start":{"line":89,"column":0},"end":{"line":113,"column":1}},"line":89},"4":{"name":"textNodeName","decl":{"start":{"line":115,"column":0},"end":{"line":117,"column":1}},"loc":{"start":{"line":115,"column":0},"end":{"line":117,"column":1}},"line":115},"5":{"name":"module.exports","decl":{"start":{"line":139,"column":17},"end":{"line":185,"column":2}},"loc":{"start":{"line":139,"column":17},"end":{"line":185,"column":2}},"line":139}},"f":{"0":1162,"1":2711,"2":1162,"3":1146,"4":13157,"5":20}}
}
