TN:
SF:lib/index.js
FNF:0
FNH:0
DA:1,1
DA:2,1
DA:3,1
DA:4,1
LF:4
LH:4
BRF:0
BRH:0
end_of_record
TN:
SF:lib/xml2json.js
FN:8,startElement
FN:48,text
FN:52,endElement
FN:83,coerce
FN:109,textNodeName
FN:145,module.exports
FNF:6
FNH:6
FNDA:1164,startElement
FNDA:2713,text
FNDA:1164,endElement
FNDA:1148,coerce
FNDA:14354,textNodeName
FNDA:21,module.exports
DA:1,1
DA:2,1
DA:3,1
DA:4,1
DA:5,1
DA:6,1
DA:7,1
DA:8,1164
DA:9,1164
DA:10,1164
DA:11,40
DA:12,40
DA:13,12
DA:14,12
DA:15,40
DA:16,1164
DA:17,1164
DA:18,692
DA:19,10
DA:20,692
DA:21,682
DA:22,682
DA:23,1164
DA:24,74
DA:25,74
DA:26,74
DA:27,74
DA:28,74
DA:29,74
DA:30,472
DA:31,398
DA:32,398
DA:33,398
DA:34,1164
DA:35,1164
DA:36,1164
DA:37,1164
DA:38,1164
DA:39,1164
DA:40,482
DA:41,482
DA:42,1164
DA:43,682
DA:44,682
DA:45,682
DA:46,1164
DA:47,1
DA:48,2713
DA:49,2713
DA:50,2713
DA:51,1
DA:52,1164
DA:53,1164
DA:54,1136
DA:55,1126
DA:56,1126
DA:57,1136
DA:58,1136
DA:59,1164
DA:60,1164
DA:61,599
DA:62,599
DA:63,598
DA:64,598
DA:65,599
DA:66,1164
DA:67,1164
DA:68,1164
DA:69,1164
DA:70,1164
DA:71,1066
DA:72,393
DA:73,25
DA:74,393
DA:75,368
DA:76,368
DA:77,393
DA:78,1066
DA:79,1164
DA:80,1164
DA:81,1164
DA:82,1
DA:83,1148
DA:84,1148
DA:85,1116
DA:86,1116
DA:87,32
DA:88,32
DA:89,1147
DA:90,30
DA:91,30
DA:92,1147
DA:93,14
DA:94,14
DA:95,16
DA:96,16
DA:97,16
DA:98,1147
DA:99,4
DA:100,4
DA:101,12
DA:102,1147
DA:103,2
DA:104,2
DA:105,10
DA:106,10
DA:107,10
DA:108,1
DA:109,14354
DA:110,14354
DA:111,14354
DA:112,1
DA:113,1
DA:114,1
DA:115,1
DA:116,1
DA:117,1
DA:118,1
DA:119,1
DA:120,1
DA:121,1
DA:122,1
DA:123,1
DA:124,1
DA:125,1
DA:126,1
DA:127,1
DA:128,1
DA:129,1
DA:130,1
DA:131,1
DA:132,1
DA:133,1
DA:134,1
DA:135,1
DA:136,1
DA:137,1
DA:138,1
DA:139,1
DA:140,1
DA:141,1
DA:142,1
DA:143,1
DA:144,1
DA:145,1
DA:146,21
DA:147,21
DA:148,21
DA:149,21
DA:150,21
DA:151,21
DA:152,21
DA:153,21
DA:154,21
DA:155,21
DA:156,21
DA:157,21
DA:158,21
DA:159,21
DA:160,21
DA:161,21
DA:162,21
DA:163,21
DA:164,21
DA:165,1
DA:166,2
DA:167,1
DA:168,1
DA:169,1
DA:170,21
DA:171,0
DA:172,0
DA:173,21
DA:174,21
DA:175,6
DA:176,6
DA:177,15
DA:178,15
DA:179,15
DA:180,15
DA:181,15
DA:182,15
DA:183,15
DA:184,15
LF:184
LH:182
BRDA:8,0,0,1164
BRDA:10,1,0,40
BRDA:12,2,0,12
BRDA:17,3,0,692
BRDA:18,4,0,684
BRDA:18,5,0,10
BRDA:20,6,0,682
BRDA:23,7,0,472
BRDA:23,8,0,74
BRDA:30,9,0,398
BRDA:39,10,0,482
BRDA:42,11,0,682
BRDA:48,12,0,2713
BRDA:49,13,0,1136
BRDA:52,14,0,1164
BRDA:53,15,0,1136
BRDA:54,16,0,1126
BRDA:60,17,0,599
BRDA:62,18,0,584
BRDA:62,19,0,598
BRDA:70,20,0,1066
BRDA:71,21,0,507
BRDA:71,22,0,393
BRDA:72,23,0,25
BRDA:74,24,0,368
BRDA:83,25,0,1148
BRDA:84,26,0,52
BRDA:84,27,0,1116
BRDA:86,28,0,1147
BRDA:86,29,0,32
BRDA:89,30,0,2
BRDA:89,31,0,30
BRDA:92,32,0,14
BRDA:94,33,0,16
BRDA:98,34,0,4
BRDA:100,35,0,12
BRDA:102,36,0,2
BRDA:104,37,0,10
BRDA:109,38,0,14354
BRDA:110,39,0,326
BRDA:110,40,0,242
BRDA:110,41,0,84
BRDA:110,42,0,14028
BRDA:145,43,0,21
BRDA:147,44,0,0
BRDA:164,45,0,1
BRDA:170,46,0,0
BRDA:174,47,0,6
BRDA:176,48,0,15
BRDA:165,49,0,2
BRF:50
BRH:48
end_of_record
